
-----------------LINEAR REGRESSION------------------
MSE: 397.35
RMSE: 19.93
MAE: 15.04
0.09 48.82 13.45 2.49 22.65

Prediction: [216.66]
95% confidence interval: [177.97, 255.34]

Coefficients for each feature:
Variable: Emean_exhyt: -27336.75
Variable: Fix_index: -26.49
Variable: Mlocus_homozegosity_mean: 12.58
Variable: Mlocus_homozegosity_variance: 681.73
Variable: Gametic_disequilibrium: -710.48
----- 31.491819858551025 seconds -----

-----------------RANDOM FOREST------------------
MSE: 0.02
RMSE: 0.13
MAE: 0.00
0.00 7.10 0.00 0.00 0.00

Prediction:
[225.32]

Median Prediction: 
[225.32]
95% confidence interval:
(222.5, 248.5)

Feature importance
Variable: Emean_exhyt                    : 0.47
Variable: Gametic_disequilibrium         : 0.25
Variable: Mlocus_homozegosity_mean       : 0.18
Variable: Mlocus_homozegosity_variance   : 0.06
Variable: Fix_index                      : 0.04
----- 74.78875136375427 seconds -----
cpu

-----------------NEURAL NETWORK------------------
MSE: 277.13
RMSE: 16.65
MAE: 20.36
0.82 57.00 18.50 9.01 30.99
Neural network prediction: 
226.84
median prediction: 214.36
95% confidence interval:
172.17, 387.26
